<?xml version="1.0" encoding="UTF-8"?>
<testsuites name="Yahoo_finance" tests="2" time="0.414">
  <testsuite name="Yahoo API correct request" id="e3cf2ab5-737f-4d16-a4dc-2ecfb1b55fcd" timestamp="2022-09-11T12:14:01.078Z" tests="1" failures="0" errors="0" time="0.253">
    <testcase name="Status code is 200" time="0.253" classname="YahooFinance"/>
  </testsuite>
  <testsuite name="Yahoo API correct Incorrect request" id="e4ed4e38-e2ef-4ddd-a40c-e452f6f8a852" timestamp="2022-09-11T12:14:01.078Z" tests="1" failures="1" errors="0" time="0.161">
    <testcase name="Status code is 200" time="0.161" classname="YahooFinance">
      <failure type="AssertionFailure" message="expected response to have status code 200 but got 404">
        <![CDATA[Failed 1 times.]]>
        <![CDATA[Collection JSON ID: dc034375-0b0e-49b1-8498-0e8cb3ef2f04.]]>
        <![CDATA[Collection name: Yahoo_finance.]]>
        <![CDATA[Request name: Yahoo API correct Incorrect request.]]>
        <![CDATA[Test description: Status code is 200.]]>
        <![CDATA[Error message: expected response to have status code 200 but got 404.]]>
        <![CDATA[Stacktrace: AssertionError: expected response to have status code 200 but got 404
   at Object.eval sandbox-script.js:1:2).]]>
      </failure>
    </testcase>
  </testsuite>
</testsuites>